<?xml version="1.0" encoding="UTF-8"?>
<!-- Generated by org.testng.reporters.JUnitXMLReporter -->
<testsuite hostname="DESKTOP-A2HUG71" ignored="0" name="loginfails" tests="4" failures="1" timestamp="08 Sep 2019 13:06:16 GMT" time="96.044" errors="0">
  <testcase name="loginFails" time="14.589" classname="tests.GmailLoginFails">
    <skipped/>
  </testcase> <!-- loginFails -->
  <testcase name="loginFails" time="17.613" classname="tests.GmailLoginFails">
    <skipped/>
  </testcase> <!-- loginFails -->
  <testcase name="loginFails" time="7.314" classname="tests.GmailLoginFails">
    <skipped/>
  </testcase> <!-- loginFails -->
  <testcase name="loginFails" time="10.896" classname="tests.GmailLoginFails">
    <failure type="java.lang.AssertionError" message="expected [false] but found [true]">
      <![CDATA[java.lang.AssertionError: expected [false] but found [true]
at tests.GmailLoginFails.loginFails(GmailLoginFails.java:39)
... Removed 29 stack frames]]>
    </failure>
  </testcase> <!-- loginFails -->
</testsuite> <!-- loginfails -->
