<?xml version="1.0" encoding="UTF-8"?>
<testsuite xmlns:xsi="http://www.w3.org/2001/XMLSchema-instance" xsi:schemaLocation="https://maven.apache.org/surefire/maven-surefire-plugin/xsd/surefire-test-report.xsd" name="TestSuite" time="156.035" tests="7" errors="0" skipped="3" failures="1">
  <properties>
[...]
</properties>
  <testcase name="loginGmail" classname="tests.GmailLoginSuccess" time="10.956"/>
  <testcase name="searchEmailInInbox" classname="tests.SearchEmailInInbox" time="0">
    <skipped message="The element reference of &lt;span class=&quot;RveJvd snByac&quot;&gt; is stale; either the element is no longer attached to the DOM, it is not in the current frame context, or the document has been refreshed&#10;For documentation on this error, please visit: https://www.seleniumhq.org/exceptions/stale_element_reference.html&#10;Build info: version: &apos;3.141.59&apos;, revision: &apos;e82be7d358&apos;, time: &apos;2018-11-14T08:17:03&apos;&#10;System info: host: &apos;DESKTOP-A2HUG71&apos;, ip: &apos;192.168.100.9&apos;, os.name: &apos;Windows 10&apos;, os.arch: &apos;x86&apos;, os.version: &apos;10.0&apos;, java.version: &apos;1.8.0_151&apos;&#10;Driver info: org.openqa.selenium.firefox.FirefoxDriver&#10;Capabilities {acceptInsecureCerts: true, browserName: firefox, browserVersion: 68.0.2, javascriptEnabled: true, moz:accessibilityChecks: false, moz:buildID: 20190813150448, moz:geckodriverVersion: 0.24.0, moz:headless: false, moz:processID: 19164, moz:profile: C:\Users\my\AppData\Local\T..., moz:shutdownTimeout: 60000, moz:useNonSpecCompliantPointerOrigin: false, moz:webdriverClick: true, pageLoadStrategy: normal, platform: WINDOWS, platformName: WINDOWS, platformVersion: 10.0, rotatable: false, setWindowRect: true, strictFileInteractability: false, timeouts: {implicit: 0, pageLoad: 300000, script: 30000}, unhandledPromptBehavior: dismiss and notify}&#10;Session ID: 1286c7ee-a8f0-41ab-9999-79f0699851db"/>
    <system-err><![CDATA[1567962899211	Marionette	INFO	Stopped listening on port 1319
J[Parent 15220, Gecko_IOThread] WARNING: pipe error: 109: file z:/task_1565706750/build/src/ipc/chromium/src/chrome/common/ipc_channel_win.cc, line 341
avaScript error: https://mail.google.com/_/scs/mail-static/_/js/k=gmail.main.en.gv3RAEza-G0.O/am=vQKfg_AIQi7hi53RABIQQoUc7P0mp-hPLqsL8BAl1_FvdaAPAAAAAAAAAAAAAAAAAAAA96CRIg/d=1/im=1/dg=0/rs=AHGWq9DzKCVS4zfDKKRkVvkvZku6waUBhQ/m=b, line 770: NS_ERROR_NOT_INITIALIZED: 
[Parent 15220, Gecko_IOThread] WARNING: pipe error: 109: file z:/task_1565706750/build/src/ipc/chromium/src/chrome/common/ipc_channel_win.cc, line 341
1567962909476	mozrunner::runner	INFO	Running command: "C:\\Program Files (x86)\\Mozilla Firefox\\firefox.exe" "-marionette" "-foreground" "-no-remote" "-profile" "C:\\Users\\my\\AppData\\Local\\Temp\\rust_mozprofile.CkvUdBreoEUk"
1567962910521	addons.webextension.screenshots@mozilla.org	WARN	Loading extension 'screenshots@mozilla.org': Reading manifest: Invalid extension permission: mozillaAddons
1567962910521	addons.webextension.screenshots@mozilla.org	WARN	Loading extension 'screenshots@mozilla.org': Reading manifest: Invalid extension permission: telemetry
1567962910522	addons.webextension.screenshots@mozilla.org	WARN	Loading extension 'screenshots@mozilla.org': Reading manifest: Invalid extension permission: resource://pdf.js/
1567962910522	addons.webextension.screenshots@mozilla.org	WARN	Loading extension 'screenshots@mozilla.org': Reading manifest: Invalid extension permission: about:reader*
1567962913932	Marionette	INFO	Listening on port 1407
1567962913986	Marionette	WARN	TLS certificate errors will be ignored for this session
Sep 08, 2019 10:45:14 PM org.openqa.selenium.remote.ProtocolHandshake createSession
INFO: Detected dialect: W3C
]]></system-err>
  </testcase>
  <testcase name="searchEmailInInbox" classname="tests.SearchEmailInInbox" time="10.762"/>
  <testcase name="loginFails" classname="tests.GmailLoginFails" time="10.478"/>
  <testcase name="retryFailedTest" classname="tests.RetryFailedTest" time="0">
    <skipped message="Wrong Password error message is displayed expected [false] but found [true]"/>
    <system-err><![CDATA[1567962962538	Marionette	INFO	Stopped listening on port 1482
1567962966912	mozrunner::runner	INFO	Running command: "C:\\Program Files (x86)\\Mozilla Firefox\\firefox.exe" "-marionette" "-foreground" "-no-remote" "-profile" "C:\\Users\\my\\AppData\\Local\\Temp\\rust_mozprofile.gs3x3iIW9QFv"
1567962968034	addons.webextension.screenshots@mozilla.org	WARN	Loading extension 'screenshots@mozilla.org': Reading manifest: Invalid extension permission: mozillaAddons
1567962968034	addons.webextension.screenshots@mozilla.org	WARN	Loading extension 'screenshots@mozilla.org': Reading manifest: Invalid extension permission: telemetry
1567962968035	addons.webextension.screenshots@mozilla.org	WARN	Loading extension 'screenshots@mozilla.org': Reading manifest: Invalid extension permission: resource://pdf.js/
1567962968035	addons.webextension.screenshots@mozilla.org	WARN	Loading extension 'screenshots@mozilla.org': Reading manifest: Invalid extension permission: about:reader*
1567962972264	Marionette	INFO	Listening on port 1560
1567962972389	Marionette	WARN	TLS certificate errors will be ignored for this session
Sep 08, 2019 10:46:12 PM org.openqa.selenium.remote.ProtocolHandshake createSession
INFO: Detected dialect: W3C
]]></system-err>
  </testcase>
  <testcase name="retryFailedTest" classname="tests.RetryFailedTest" time="0">
    <skipped message="Wrong Password error message is displayed expected [false] but found [true]"/>
    <system-err><![CDATA[console.error: BroadcastService: 
  receivedBroadcastMessage: handler for
  remote-settings/monitor_changes
  threw error:
  Message: Error: Polling for changes failed: http://%(server)s/dummy/blocklist//buckets/monitor/collections/changes/records?_expected=%221567814407663%22 is not a valid URL..
  Stack:
    remoteSettingsFunction/remoteSettings.pollChanges@resource://services-settings/remote-settings.js:201:13

]]></system-err>
  </testcase>
  <testcase name="retryFailedTest" classname="tests.RetryFailedTest" time="8.041">
    <failure message="Wrong Password error message is displayed expected [false] but found [true]" type="java.lang.AssertionError">java.lang.AssertionError: Wrong Password error message is displayed expected [false] but found [true]
	at tests.RetryFailedTest.retryFailedTest(RetryFailedTest.java:37)
</failure>
  </testcase>
</testsuite>