<?xml version="1.0" encoding="UTF-8"?>
<testng-results skipped="0" failed="0" ignored="0" total="1" passed="1">
  <reporter-output>
  </reporter-output>
  <suite name="Sample suite" duration-ms="16937" started-at="2019-09-03T14:57:31Z" finished-at="2019-09-03T14:57:48Z">
    <groups>
    </groups>
    <test name="TC_01" duration-ms="16937" started-at="2019-09-03T14:57:31Z" finished-at="2019-09-03T14:57:48Z">
      <class name="tests.TC_01">
        <test-method status="PASS" signature="setUp(java.lang.String)[pri:0, instance:tests.TC_01@d25987]" name="setUp" is-config="true" duration-ms="16551" started-at="2019-09-03T14:57:31Z" finished-at="2019-09-03T14:57:47Z">
          <params>
            <param index="0">
              <value>
                <![CDATA[Chrome]]>
              </value>
            </param>
          </params>
          <reporter-output>
          </reporter-output>
        </test-method> <!-- setUp -->
        <test-method status="PASS" signature="test()[pri:0, instance:tests.TC_01@d25987]" name="test" duration-ms="353" started-at="2019-09-03T14:57:47Z" finished-at="2019-09-03T14:57:48Z">
          <reporter-output>
          </reporter-output>
        </test-method> <!-- test -->
      </class> <!-- tests.TC_01 -->
    </test> <!-- TC_01 -->
  </suite> <!-- Sample suite -->
</testng-results>
